  AssetBundle.cpp
I:\source\repos\DCA\DCA\AssetBundle.h(29,16): warning C4251: AssetBundle::bundleFile: class "std::basic_fstream<char,std::char_traits<char>>" должен иметь dll-интерфейс для использования клиентами class "AssetBundle"
I:\vs2022\VC\Tools\MSVC\14.30.30705\include\iosfwd(230): message : см. объявление "std::basic_fstream<char,std::char_traits<char>>"
I:\source\repos\DCA\DCA\AssetBundle.h(34,15): warning C4251: AssetBundle::arrinf: struct "ArchiveInfo" должен иметь dll-интерфейс для использования клиентами class "AssetBundle"
I:\source\repos\DCA\DCA\ArchiveInfo.h(15): message : см. объявление "ArchiveInfo"
I:\source\repos\DCA\DCA\compressionTypes\lz77\lz77.h(175,27): warning C4267: =: преобразование из "size_t" в "uint16_t"; возможна потеря данных
I:\source\repos\DCA\DCA\AssetBundle.cpp(76,22): warning C4267: инициализация: преобразование из "size_t" в "int"; возможна потеря данных
I:\source\repos\DCA\DCA\AssetBundle.cpp(138,14): warning C4273: AssetBundle::AssetBundle: несовместимое связывание dll
I:\source\repos\DCA\DCA\AssetBundle.h(36,3): message : см. предыдущее определение "{ctor}"
I:\source\repos\DCA\DCA\AssetBundle.cpp(145,15): warning C4244: инициализация: преобразование "double" в "int", возможна потеря данных
I:\source\repos\DCA\DCA\AssetBundle.cpp(189,54): warning C4244: аргумент: преобразование "double" в "size_t", возможна потеря данных
I:\source\repos\DCA\DCA\AssetBundle.cpp(196,16): warning C4018: >=: несоответствие типов со знаком и без знака
I:\source\repos\DCA\DCA\AssetBundle.cpp(213,14): warning C4244: аргумент: преобразование "time_t" в "unsigned int", возможна потеря данных
I:\source\repos\DCA\DCA\AssetBundle.cpp(279,35): warning C4267: инициализация: преобразование из "size_t" в "int"; возможна потеря данных
I:\source\repos\DCA\DCA\AssetBundle.cpp(284,14): warning C4273: AssetBundle::AssetBundle: несовместимое связывание dll
I:\source\repos\DCA\DCA\AssetBundle.h(37,3): message : см. предыдущее определение "{ctor}"
I:\source\repos\DCA\DCA\AssetBundle.cpp(305,19): warning C4273: AssetBundle::Close: несовместимое связывание dll
I:\source\repos\DCA\DCA\AssetBundle.h(38,8): message : см. предыдущее определение "Close"
I:\source\repos\DCA\DCA\AssetBundle.cpp(375,39): warning C4273: AssetBundle::ListFiles: несовместимое связывание dll
I:\source\repos\DCA\DCA\AssetBundle.h(40,28): message : см. предыдущее определение "ListFiles"
I:\source\repos\DCA\DCA\AssetBundle.cpp(398,19): warning C4273: AssetBundle::ExtractToDirectory: несовместимое связывание dll
I:\source\repos\DCA\DCA\AssetBundle.h(39,8): message : см. предыдущее определение "ExtractToDirectory"
I:\source\repos\DCA\DCA\AssetBundle.cpp(421,23): warning C4273: AssetBundle::ReadData: несовместимое связывание dll
I:\source\repos\DCA\DCA\AssetBundle.h(41,12): message : см. предыдущее определение "ReadData"
LINK : warning LNK4044: нераспознанный параметр "/Zc:preprocessor"; игнорируется
     Создается библиотека I:\source\repos\DCA\x64\Release\YupGamesArchive.lib и объект I:\source\repos\DCA\x64\Release\YupGamesArchive.exp
  Создание кода
  7 of 1730 functions ( 0.4%) were compiled, the rest were copied from previous compilation.
    0 functions were new in current compilation
    12 functions had inline decision re-evaluated but remain unchanged
  Создание кода завершено
  DCA.vcxproj -> I:\source\repos\DCA\x64\Release\YupGamesArchive.dll
