i:\source\repos\dca\dca\x64\release\vc143.pdb
i:\source\repos\dca\dca\x64\release\lzmautil.obj
i:\source\repos\dca\dca\x64\release\fastari.obj
i:\source\repos\dca\dca\x64\release\assetbundle.obj
i:\source\repos\dca\dca\x64\release\dllsecur.obj
i:\source\repos\dca\dca\x64\release\delta.obj
i:\source\repos\dca\dca\x64\release\cpuarch.obj
i:\source\repos\dca\dca\x64\release\braia64.obj
i:\source\repos\dca\dca\x64\release\bra86.obj
i:\source\repos\dca\dca\x64\release\bra.obj
i:\source\repos\dca\dca\x64\release\bcj2enc.obj
i:\source\repos\dca\dca\x64\release\bcj2.obj
i:\source\repos\dca\dca\x64\release\alloc.obj
i:\source\repos\dca\dca\x64\release\aesopt.obj
i:\source\repos\dca\dca\x64\release\aes.obj
i:\source\repos\dca\dca\x64\release\7zstream.obj
i:\source\repos\dca\dca\x64\release\7zfile.obj
i:\source\repos\dca\dca\x64\release\7zdec.obj
i:\source\repos\dca\dca\x64\release\7zcrcopt.obj
i:\source\repos\dca\dca\x64\release\7zcrc.obj
i:\source\repos\dca\dca\x64\release\7zbuf2.obj
i:\source\repos\dca\dca\x64\release\7zbuf.obj
i:\source\repos\dca\dca\x64\release\7zarcin.obj
i:\source\repos\dca\dca\x64\release\7zalloc.obj
i:\source\repos\dca\dca\x64\release\threads.obj
i:\source\repos\dca\dca\x64\release\sort.obj
i:\source\repos\dca\dca\x64\release\sha256opt.obj
i:\source\repos\dca\dca\x64\release\sha256.obj
i:\source\repos\dca\dca\x64\release\ppmd7enc.obj
i:\source\repos\dca\dca\x64\release\ppmd7dec.obj
i:\source\repos\dca\dca\x64\release\ppmd7.obj
i:\source\repos\dca\dca\x64\release\mtdec.obj
i:\source\repos\dca\dca\x64\release\mtcoder.obj
i:\source\repos\dca\dca\x64\release\lzmalib.obj
i:\source\repos\dca\dca\x64\release\lzmaenc.obj
i:\source\repos\dca\dca\x64\release\lzmadec.obj
i:\source\repos\dca\dca\x64\release\lzma86enc.obj
i:\source\repos\dca\dca\x64\release\lzma86dec.obj
i:\source\repos\dca\dca\x64\release\lzma2enc.obj
i:\source\repos\dca\dca\x64\release\lzma2decmt.obj
i:\source\repos\dca\dca\x64\release\lzma2dec.obj
i:\source\repos\dca\dca\x64\release\lzfindopt.obj
i:\source\repos\dca\dca\x64\release\lzfindmt.obj
i:\source\repos\dca\dca\x64\release\lzfind.obj
i:\source\repos\dca\dca\x64\release\xzin.obj
i:\source\repos\dca\dca\x64\release\xzenc.obj
i:\source\repos\dca\dca\x64\release\xzdec.obj
i:\source\repos\dca\dca\x64\release\xzcrc64opt.obj
i:\source\repos\dca\dca\x64\release\xzcrc64.obj
i:\source\repos\dca\dca\x64\release\xz.obj
i:\source\repos\dca\dca\x64\release\mtari.obj
i:\source\repos\dca\x64\release\yupgamesarchive.dll
i:\source\repos\dca\dca\x64\release\yupgamesarchive.ipdb
i:\source\repos\dca\x64\release\yupgamesarchive.pdb
i:\source\repos\dca\dca\x64\release\yupgamesarchive.iobj
i:\source\repos\dca\x64\release\yupgamesarchive.lib
i:\source\repos\dca\x64\release\yupgamesarchive.exp
i:\source\repos\dca\dca\x64\release\tangelo.obj
i:\source\repos\dca\dca\x64\release\yupgamesarchive.tlog\cl.command.1.tlog
i:\source\repos\dca\dca\x64\release\yupgamesarchive.tlog\cl.read.1.tlog
i:\source\repos\dca\dca\x64\release\yupgamesarchive.tlog\cl.write.1.tlog
i:\source\repos\dca\dca\x64\release\yupgamesarchive.tlog\link.command.1.tlog
i:\source\repos\dca\dca\x64\release\yupgamesarchive.tlog\link.read.1.tlog
i:\source\repos\dca\dca\x64\release\yupgamesarchive.tlog\link.write.1.tlog
i:\source\repos\dca\dca\x64\release\yupgamesarchive.tlog\yupgamesarchive.write.1u.tlog
