  AssetBundle.cpp
E:\source\repos\DCA\DCA\AssetBundle.h(28,16): warning C4251: AssetBundle::bundleFile: class "std::basic_fstream<char,std::char_traits<char>>" должен иметь dll-интерфейс для использования клиентами class "AssetBundle"
D:\DevTools\VS2022\VC\Tools\MSVC\14.34.31933\include\iosfwd(245,23): message : см. объявление "std::basic_fstream<char,std::char_traits<char>>"
E:\source\repos\DCA\DCA\AssetBundle.h(30,15): warning C4251: AssetBundle::arrinf: struct "ArchiveInfo" должен иметь dll-интерфейс для использования клиентами class "AssetBundle"
E:\source\repos\DCA\DCA\ArchiveInfo.h(45,8): message : см. объявление "ArchiveInfo"
E:\source\repos\DCA\DCA\compressionTypes\lz77\lz77.h(175,27): warning C4267: =: преобразование из "size_t" в "uint16_t"; возможна потеря данных
E:\source\repos\DCA\DCA\compressionTypes\fastari\MTAri.h(3,1): warning C4005: _CRT_SECURE_NO_WARNINGS: изменение макроопределения
E:\source\repos\DCA\DCA\compressionTypes\fastari\MTAri.h(3,1): message : "_CRT_SECURE_NO_WARNINGS" ранее объявлен в командной строке
E:\source\repos\DCA\DCA\AssetBundle.cpp(122,22): warning C4267: инициализация: преобразование из "size_t" в "int"; возможна потеря данных
E:\source\repos\DCA\DCA\AssetBundle.cpp(245,49): warning C4244: аргумент: преобразование "uint64_t" в "int", возможна потеря данных
E:\source\repos\DCA\DCA\AssetBundle.cpp(277,53): warning C4244: аргумент: преобразование "uint64_t" в "int", возможна потеря данных
E:\source\repos\DCA\DCA\AssetBundle.cpp(353,14): warning C4273: AssetBundle::AssetBundle: несовместимое связывание dll
E:\source\repos\DCA\DCA\AssetBundle.h(32,3): message : см. предыдущее определение "{ctor}"
E:\source\repos\DCA\DCA\AssetBundle.cpp(512,35): warning C4267: инициализация: преобразование из "size_t" в "int"; возможна потеря данных
E:\source\repos\DCA\DCA\AssetBundle.cpp(583,14): warning C4273: AssetBundle::AssetBundle: несовместимое связывание dll
E:\source\repos\DCA\DCA\AssetBundle.h(33,3): message : см. предыдущее определение "{ctor}"
E:\source\repos\DCA\DCA\AssetBundle.cpp(606,19): warning C4273: AssetBundle::Close: несовместимое связывание dll
E:\source\repos\DCA\DCA\AssetBundle.h(34,8): message : см. предыдущее определение "Close"
E:\source\repos\DCA\DCA\AssetBundle.cpp(611,39): warning C4273: AssetBundle::ListFiles: несовместимое связывание dll
E:\source\repos\DCA\DCA\AssetBundle.h(36,28): message : см. предыдущее определение "ListFiles"
E:\source\repos\DCA\DCA\AssetBundle.cpp(644,19): warning C4273: AssetBundle::ExtractToDirectory: несовместимое связывание dll
E:\source\repos\DCA\DCA\AssetBundle.h(35,8): message : см. предыдущее определение "ExtractToDirectory"
E:\source\repos\DCA\DCA\AssetBundle.cpp(670,23): warning C4273: AssetBundle::ReadData: несовместимое связывание dll
E:\source\repos\DCA\DCA\AssetBundle.h(37,12): message : см. предыдущее определение "ReadData"
E:\source\repos\DCA\DCA\AssetBundle.cpp(798,81): warning C4244: аргумент: преобразование "uint64_t" в "int", возможна потеря данных
E:\source\repos\DCA\DCA\AssetBundle.cpp(798,54): warning C4244: аргумент: преобразование "unsigned __int64" в "int", возможна потеря данных
E:\source\repos\DCA\DCA\AssetBundle.cpp(832,73): warning C4244: аргумент: преобразование "unsigned __int64" в "int", возможна потеря данных
LINK : warning LNK4044: нераспознанный параметр "/Zc:preprocessor"; игнорируется
  DCA.vcxproj -> E:\source\repos\DCA\x64\Debug\YupGamesArchive.dll
